<?xml version="1.0" encoding="utf-8"?><testsuites name="pytest tests"><testsuite name="pytest" errors="0" failures="1" skipped="0" tests="48" time="7.931" timestamp="2026-03-23T14:18:11.977382+00:00" hostname="agent-env-6661bbce-a672-4dcf-9557-582be4beb4b2"><testcase classname="backend.tests.test_duo_matchmaking.TestDuoRouteOrdering" name="test_duo_leaderboard_route_accessible" time="0.222" /><testcase classname="backend.tests.test_duo_matchmaking.TestDuoRouteOrdering" name="test_duo_stats_route_accessible" time="0.162" /><testcase classname="backend.tests.test_duo_matchmaking.TestDuoRouteOrdering" name="test_duo_history_route_accessible" time="0.102" /><testcase classname="backend.tests.test_duo_matchmaking.TestDuoRouteOrdering" name="test_duo_active_matches_route_accessible" time="0.112" /><testcase classname="backend.tests.test_duo_matchmaking.TestDuoMatchmakingUserIdResponse" name="test_create_match_returns_user_id" time="0.127" /><testcase classname="backend.tests.test_duo_matchmaking.TestDuoMatchmakingUserIdResponse" name="test_join_match_returns_user_id" time="0.636" /><testcase classname="backend.tests.test_duo_matchmaking.TestDuoMatchRetrieval" name="test_get_match_by_id" time="0.319" /><testcase classname="backend.tests.test_duo_matchmaking.TestDuoMatchRetrieval" name="test_get_nonexistent_match_returns_404" time="0.107" /><testcase classname="backend.tests.test_duo_matchmaking.TestAuthEndpoint" name="test_auth_me_returns_user" time="0.109" /><testcase classname="backend.tests.test_group_mode.TestGroupCreate" name="test_create_group_session_success" time="0.134" /><testcase classname="backend.tests.test_group_mode.TestGroupCreate" name="test_create_group_session_without_auth" time="0.115" /><testcase classname="backend.tests.test_group_mode.TestGroupCreate" name="test_create_group_session_default_name" time="0.103" /><testcase classname="backend.tests.test_group_mode.TestGroupGet" name="test_get_group_session" time="0.247" /><testcase classname="backend.tests.test_group_mode.TestGroupGet" name="test_get_nonexistent_session" time="0.123" /><testcase classname="backend.tests.test_group_mode.TestGroupJoin" name="test_join_group_session_success" time="0.253" /><testcase classname="backend.tests.test_group_mode.TestGroupJoin" name="test_join_group_session_wrong_pin" time="0.109" /><testcase classname="backend.tests.test_group_mode.TestGroupJoin" name="test_join_group_session_without_auth" time="0.105" /><testcase classname="backend.tests.test_group_mode.TestGroupStart" name="test_start_group_session_success" time="0.369" /><testcase classname="backend.tests.test_group_mode.TestGroupStart" name="test_start_session_wrong_user" time="0.234" /><testcase classname="backend.tests.test_group_mode.TestGroupNext" name="test_next_question_success" time="0.497" /><testcase classname="backend.tests.test_group_mode.TestGroupNext" name="test_next_question_until_finished" time="0.912" /><testcase classname="backend.tests.test_i18n.TestGameStartLanguage" name="test_quiz_qui_a_dit_french" time="0.174" /><testcase classname="backend.tests.test_i18n.TestGameStartLanguage" name="test_quiz_qui_a_dit_english" time="0.050" /><testcase classname="backend.tests.test_i18n.TestGameStartLanguage" name="test_quiz_vrai_faux_french" time="0.056" /><testcase classname="backend.tests.test_i18n.TestGameStartLanguage" name="test_quiz_vrai_faux_english" time="0.053" /><testcase classname="backend.tests.test_i18n.TestGameStartLanguage" name="test_mots_caches_french" time="0.052" /><testcase classname="backend.tests.test_i18n.TestGameStartLanguage" name="test_mots_caches_english" time="0.052" /><testcase classname="backend.tests.test_i18n.TestGameStartLanguage" name="test_labyrinthe_exode_french" time="0.053" /><testcase classname="backend.tests.test_i18n.TestGameStartLanguage" name="test_labyrinthe_exode_english" time="0.053" /><testcase classname="backend.tests.test_i18n.TestGameStartLanguage" name="test_default_language_is_french" time="0.049" /><testcase classname="backend.tests.test_i18n.TestGameStartLanguage" name="test_chrono_versets_french" time="0.055"><failure message="AssertionError: Expected French verses, got: [{'text': 'Demandez et vous recevrez', 'missing': 'recevrez', 'reference': 'Matthieu 7:7'}, {'text': 'Heureux les artisans de paix, car ils seront appelés fils de Dieu', 'missing': 'paix', 'reference': 'Matthieu 5:9'}, {'text': &quot;L'amour est patient, l'amour est bon&quot;, 'missing': 'patient', 'reference': '1 Corinthiens 13:4'}, {'text': 'Tu aimeras ton prochain comme toi-même', 'missing': 'prochain', 'reference': 'Lévitique 19:18'}]&#10;assert False">backend/tests/test_i18n.py:301: in test_chrono_versets_french
    assert has_french, f"Expected French verses, got: {verses}"
E   AssertionError: Expected French verses, got: [{'text': 'Demandez et vous recevrez', 'missing': 'recevrez', 'reference': 'Matthieu 7:7'}, {'text': 'Heureux les artisans de paix, car ils seront appelés fils de Dieu', 'missing': 'paix', 'reference': 'Matthieu 5:9'}, {'text': "L'amour est patient, l'amour est bon", 'missing': 'patient', 'reference': '1 Corinthiens 13:4'}, {'text': 'Tu aimeras ton prochain comme toi-même', 'missing': 'prochain', 'reference': 'Lévitique 19:18'}]
E   assert False</failure></testcase><testcase classname="backend.tests.test_i18n.TestGameStartLanguage" name="test_chrono_versets_english" time="0.062" /><testcase classname="backend.tests.test_i18n.TestGameStartRequestModel" name="test_lang_parameter_accepted" time="0.118" /><testcase classname="backend.tests.test_i18n.TestGameStartRequestModel" name="test_invalid_mode_returns_404" time="0.058" /><testcase classname="backend.tests.test_new_features.TestDuoEndpoints" name="test_duo_leaderboard_works" time="0.145" /><testcase classname="backend.tests.test_new_features.TestDuoEndpoints" name="test_duo_active_matches" time="0.123" /><testcase classname="backend.tests.test_new_features.TestTournamentSystem" name="test_get_active_tournaments" time="0.157" /><testcase classname="backend.tests.test_new_features.TestTournamentSystem" name="test_create_tournament" time="0.155" /><testcase classname="backend.tests.test_new_features.TestTournamentSystem" name="test_get_tournament_detail" time="0.109" /><testcase classname="backend.tests.test_new_features.TestTournamentSystem" name="test_register_tournament" time="0.116" /><testcase classname="backend.tests.test_new_features.TestTournamentSystem" name="test_register_duplicate_fails" time="0.119" /><testcase classname="backend.tests.test_new_features.TestTournamentSystem" name="test_start_tournament_needs_2_players" time="0.114" /><testcase classname="backend.tests.test_new_features.TestTournamentSystem" name="test_tournament_not_found" time="0.124" /><testcase classname="backend.tests.test_new_features.TestMotsCachesGame" name="test_start_mots_caches_game" time="0.119" /><testcase classname="backend.tests.test_new_features.TestLabyrintheGame" name="test_start_labyrinthe_game" time="0.118" /><testcase classname="backend.tests.test_new_features.TestAuthRequired" name="test_create_tournament_requires_auth" time="0.137" /><testcase classname="backend.tests.test_new_features.TestAuthRequired" name="test_register_tournament_requires_auth" time="0.101" /><testcase classname="backend.tests.test_new_features.TestAuthRequired" name="test_active_matches_requires_auth" time="0.113" /></testsuite></testsuites>