<?xml version="1.0" encoding="utf-8"?><testsuites name="pytest tests"><testsuite name="pytest" errors="0" failures="0" skipped="0" tests="9" time="1.973" timestamp="2026-03-22T18:06:38.263016+00:00" hostname="agent-env-ab3a344b-0022-4aa3-8ce2-dfd0c451016a"><testcase classname="backend.tests.test_duo_matchmaking.TestDuoRouteOrdering" name="test_duo_leaderboard_route_accessible" time="0.253" /><testcase classname="backend.tests.test_duo_matchmaking.TestDuoRouteOrdering" name="test_duo_stats_route_accessible" time="0.136" /><testcase classname="backend.tests.test_duo_matchmaking.TestDuoRouteOrdering" name="test_duo_history_route_accessible" time="0.122" /><testcase classname="backend.tests.test_duo_matchmaking.TestDuoRouteOrdering" name="test_duo_active_matches_route_accessible" time="0.167" /><testcase classname="backend.tests.test_duo_matchmaking.TestDuoMatchmakingUserIdResponse" name="test_create_match_returns_user_id" time="0.110" /><testcase classname="backend.tests.test_duo_matchmaking.TestDuoMatchmakingUserIdResponse" name="test_join_match_returns_user_id" time="0.656" /><testcase classname="backend.tests.test_duo_matchmaking.TestDuoMatchRetrieval" name="test_get_match_by_id" time="0.228" /><testcase classname="backend.tests.test_duo_matchmaking.TestDuoMatchRetrieval" name="test_get_nonexistent_match_returns_404" time="0.117" /><testcase classname="backend.tests.test_duo_matchmaking.TestAuthEndpoint" name="test_auth_me_returns_user" time="0.124" /></testsuite></testsuites>