<?xml version="1.0" encoding="utf-8"?><testsuites name="pytest tests"><testsuite name="pytest" errors="0" failures="0" skipped="0" tests="14" time="1.864" timestamp="2026-03-22T18:35:13.381797+00:00" hostname="agent-env-ab3a344b-0022-4aa3-8ce2-dfd0c451016a"><testcase classname="backend.tests.test_new_features.TestDuoEndpoints" name="test_duo_leaderboard_works" time="0.136" /><testcase classname="backend.tests.test_new_features.TestDuoEndpoints" name="test_duo_active_matches" time="0.173" /><testcase classname="backend.tests.test_new_features.TestTournamentSystem" name="test_get_active_tournaments" time="0.125" /><testcase classname="backend.tests.test_new_features.TestTournamentSystem" name="test_create_tournament" time="0.107" /><testcase classname="backend.tests.test_new_features.TestTournamentSystem" name="test_get_tournament_detail" time="0.127" /><testcase classname="backend.tests.test_new_features.TestTournamentSystem" name="test_register_tournament" time="0.127" /><testcase classname="backend.tests.test_new_features.TestTournamentSystem" name="test_register_duplicate_fails" time="0.154" /><testcase classname="backend.tests.test_new_features.TestTournamentSystem" name="test_start_tournament_needs_2_players" time="0.139" /><testcase classname="backend.tests.test_new_features.TestTournamentSystem" name="test_tournament_not_found" time="0.106" /><testcase classname="backend.tests.test_new_features.TestMotsCachesGame" name="test_start_mots_caches_game" time="0.103" /><testcase classname="backend.tests.test_new_features.TestLabyrintheGame" name="test_start_labyrinthe_game" time="0.133" /><testcase classname="backend.tests.test_new_features.TestAuthRequired" name="test_create_tournament_requires_auth" time="0.108" /><testcase classname="backend.tests.test_new_features.TestAuthRequired" name="test_register_tournament_requires_auth" time="0.124" /><testcase classname="backend.tests.test_new_features.TestAuthRequired" name="test_active_matches_requires_auth" time="0.136" /></testsuite></testsuites>