<?xml version="1.0" encoding="utf-8"?><testsuites name="pytest tests"><testsuite name="pytest" errors="0" failures="0" skipped="0" tests="13" time="1.098" timestamp="2026-03-23T13:48:21.585714+00:00" hostname="agent-env-ab3a344b-0022-4aa3-8ce2-dfd0c451016a"><testcase classname="tests.test_i18n.TestGameStartLanguage" name="test_quiz_qui_a_dit_french" time="0.254" /><testcase classname="tests.test_i18n.TestGameStartLanguage" name="test_quiz_qui_a_dit_english" time="0.057" /><testcase classname="tests.test_i18n.TestGameStartLanguage" name="test_quiz_vrai_faux_french" time="0.059" /><testcase classname="tests.test_i18n.TestGameStartLanguage" name="test_quiz_vrai_faux_english" time="0.061" /><testcase classname="tests.test_i18n.TestGameStartLanguage" name="test_mots_caches_french" time="0.074" /><testcase classname="tests.test_i18n.TestGameStartLanguage" name="test_mots_caches_english" time="0.056" /><testcase classname="tests.test_i18n.TestGameStartLanguage" name="test_labyrinthe_exode_french" time="0.069" /><testcase classname="tests.test_i18n.TestGameStartLanguage" name="test_labyrinthe_exode_english" time="0.059" /><testcase classname="tests.test_i18n.TestGameStartLanguage" name="test_default_language_is_french" time="0.056" /><testcase classname="tests.test_i18n.TestGameStartLanguage" name="test_chrono_versets_french" time="0.054" /><testcase classname="tests.test_i18n.TestGameStartLanguage" name="test_chrono_versets_english" time="0.075" /><testcase classname="tests.test_i18n.TestGameStartRequestModel" name="test_lang_parameter_accepted" time="0.118" /><testcase classname="tests.test_i18n.TestGameStartRequestModel" name="test_invalid_mode_returns_404" time="0.059" /></testsuite></testsuites>