<?xml version="1.0" encoding="utf-8"?><testsuites name="pytest tests"><testsuite name="pytest" errors="0" failures="0" skipped="0" tests="12" time="3.717" timestamp="2026-03-23T14:15:47.763970+00:00" hostname="agent-env-6661bbce-a672-4dcf-9557-582be4beb4b2"><testcase classname="backend.tests.test_group_mode.TestGroupCreate" name="test_create_group_session_success" time="0.278" /><testcase classname="backend.tests.test_group_mode.TestGroupCreate" name="test_create_group_session_without_auth" time="0.173" /><testcase classname="backend.tests.test_group_mode.TestGroupCreate" name="test_create_group_session_default_name" time="0.127" /><testcase classname="backend.tests.test_group_mode.TestGroupGet" name="test_get_group_session" time="0.262" /><testcase classname="backend.tests.test_group_mode.TestGroupGet" name="test_get_nonexistent_session" time="0.110" /><testcase classname="backend.tests.test_group_mode.TestGroupJoin" name="test_join_group_session_success" time="0.229" /><testcase classname="backend.tests.test_group_mode.TestGroupJoin" name="test_join_group_session_wrong_pin" time="0.096" /><testcase classname="backend.tests.test_group_mode.TestGroupJoin" name="test_join_group_session_without_auth" time="0.142" /><testcase classname="backend.tests.test_group_mode.TestGroupStart" name="test_start_group_session_success" time="0.458" /><testcase classname="backend.tests.test_group_mode.TestGroupStart" name="test_start_session_wrong_user" time="0.222" /><testcase classname="backend.tests.test_group_mode.TestGroupNext" name="test_next_question_success" time="0.577" /><testcase classname="backend.tests.test_group_mode.TestGroupNext" name="test_next_question_until_finished" time="0.920" /></testsuite></testsuites>